{
  "stats": {
    "suites": 4,
    "tests": 8,
    "passes": 8,
    "pending": 0,
    "failures": 0,
    "start": "2026-09-17T12:03:14.654Z",
    "end": "2026-09-17T12:03:17.747Z",
    "duration": 3093,
    "testsRegistered": 8,
    "passPercent": 100,
    "pendingPercent": 0,
    "other": 0,
    "hasOther": false,
    "skipped": 0,
    "hasSkipped": false
  },
  "results": [
    {
      "uuid": "6225d7c1-895c-490d-83f8-0b546c30988b",
      "title": "",
      "fullFile": "C:\\Users\\user\\Downloads\\glossmelise\\backend\\test\\api.test.js",
      "file": "\\test\\api.test.js",
      "beforeHooks": [],
      "afterHooks": [],
      "tests": [],
      "suites": [
        {
          "uuid": "42b74e3a-9e00-47f4-b960-6f2bca78f291",
          "title": "Emgloss Nails API Tests",
          "fullFile": "C:\\Users\\user\\Downloads\\glossmelise\\backend\\test\\api.test.js",
          "file": "\\test\\api.test.js",
          "beforeHooks": [
            {
              "title": "\"before all\" hook in \"Emgloss Nails API Tests\"",
              "fullTitle": "Emgloss Nails API Tests \"before all\" hook in \"Emgloss Nails API Tests\"",
              "timedOut": false,
              "duration": 0,
              "state": null,
              "speed": null,
              "pass": false,
              "fail": false,
              "pending": false,
              "context": null,
              "code": "testEmail = `api.test.${Date.now()}@example.com`;",
              "err": {},
              "uuid": "9c52b731-9d73-4faa-986c-4b02a4546b3f",
              "parentUUID": "42b74e3a-9e00-47f4-b960-6f2bca78f291",
              "isHook": true,
              "skipped": false
            }
          ],
          "afterHooks": [],
          "tests": [],
          "suites": [
            {
              "uuid": "f492bba0-fae7-4bdb-a7aa-348d43c8b12b",
              "title": "GET /",
              "fullFile": "C:\\Users\\user\\Downloads\\glossmelise\\backend\\test\\api.test.js",
              "file": "\\test\\api.test.js",
              "beforeHooks": [],
              "afterHooks": [],
              "tests": [
                {
                  "title": "TC-API-01 - should confirm that the API server is running",
                  "fullTitle": "Emgloss Nails API Tests GET / TC-API-01 - should confirm that the API server is running",
                  "timedOut": false,
                  "duration": 152,
                  "state": "passed",
                  "speed": "slow",
                  "pass": true,
                  "fail": false,
                  "pending": false,
                  "context": null,
                  "code": "const response = await request(BASE_URL)\n  .get(\"/\");\nexpect(response.status).to.equal(200);\nexpect(response.body).to.have.property(\"message\");",
                  "err": {},
                  "uuid": "9534ade1-5e52-43a0-9e79-3c914ffe3082",
                  "parentUUID": "f492bba0-fae7-4bdb-a7aa-348d43c8b12b",
                  "isHook": false,
                  "skipped": false
                }
              ],
              "suites": [],
              "passes": [
                "9534ade1-5e52-43a0-9e79-3c914ffe3082"
              ],
              "failures": [],
              "pending": [],
              "skipped": [],
              "duration": 152,
              "root": false,
              "rootEmpty": false,
              "_timeout": 2000
            },
            {
              "uuid": "efc9bb36-16c4-4aa5-92af-7a2293c9dd3e",
              "title": "POST /signup",
              "fullFile": "C:\\Users\\user\\Downloads\\glossmelise\\backend\\test\\api.test.js",
              "file": "\\test\\api.test.js",
              "beforeHooks": [],
              "afterHooks": [],
              "tests": [
                {
                  "title": "TC-API-02 - should create a new user with valid details",
                  "fullTitle": "Emgloss Nails API Tests POST /signup TC-API-02 - should create a new user with valid details",
                  "timedOut": false,
                  "duration": 1706,
                  "state": "passed",
                  "speed": "slow",
                  "pass": true,
                  "fail": false,
                  "pending": false,
                  "context": null,
                  "code": "const response = await request(BASE_URL)\n  .post(\"/signup\")\n  .send({\n    firstName: \"API\",\n    lastName: \"Tester\",\n    email: testEmail,\n    password: testPassword\n  });\nexpect(response.status).to.equal(201);\nexpect(response.body).to.have.property(\"message\");\nexpect(response.body.message).to.equal(\"Account created successfully\");",
                  "err": {},
                  "uuid": "6c8d346d-c175-4e5e-8891-a7a38b4fc43e",
                  "parentUUID": "efc9bb36-16c4-4aa5-92af-7a2293c9dd3e",
                  "isHook": false,
                  "skipped": false
                },
                {
                  "title": "TC-API-03 - should reject signup when required fields are missing",
                  "fullTitle": "Emgloss Nails API Tests POST /signup TC-API-03 - should reject signup when required fields are missing",
                  "timedOut": false,
                  "duration": 12,
                  "state": "passed",
                  "speed": "fast",
                  "pass": true,
                  "fail": false,
                  "pending": false,
                  "context": null,
                  "code": "const response = await request(BASE_URL)\n  .post(\"/signup\")\n  .send({\n    email: `missing.${Date.now()}@example.com`\n  });\nexpect(response.status).to.equal(400);\nexpect(response.body.error).to.equal(\"All fields are required\");",
                  "err": {},
                  "uuid": "2dd92db7-adc3-4015-b170-18461a0ab7cf",
                  "parentUUID": "efc9bb36-16c4-4aa5-92af-7a2293c9dd3e",
                  "isHook": false,
                  "skipped": false
                },
                {
                  "title": "TC-API-04 - should reject signup when the email already exists",
                  "fullTitle": "Emgloss Nails API Tests POST /signup TC-API-04 - should reject signup when the email already exists",
                  "timedOut": false,
                  "duration": 167,
                  "state": "passed",
                  "speed": "slow",
                  "pass": true,
                  "fail": false,
                  "pending": false,
                  "context": null,
                  "code": "const response = await request(BASE_URL)\n  .post(\"/signup\")\n  .send({\n    firstName: \"API\",\n    lastName: \"Tester\",\n    email: testEmail,\n    password: testPassword\n  });\nexpect(response.status).to.equal(409);\nexpect(response.body.error).to.equal(\"Email already exists\");",
                  "err": {},
                  "uuid": "9c680c9a-6b09-42f6-92ce-c79acdc719f3",
                  "parentUUID": "efc9bb36-16c4-4aa5-92af-7a2293c9dd3e",
                  "isHook": false,
                  "skipped": false
                }
              ],
              "suites": [],
              "passes": [
                "6c8d346d-c175-4e5e-8891-a7a38b4fc43e",
                "2dd92db7-adc3-4015-b170-18461a0ab7cf",
                "9c680c9a-6b09-42f6-92ce-c79acdc719f3"
              ],
              "failures": [],
              "pending": [],
              "skipped": [],
              "duration": 1885,
              "root": false,
              "rootEmpty": false,
              "_timeout": 2000
            },
            {
              "uuid": "a238151d-b684-4484-bb77-dfe387c7aad7",
              "title": "POST /login",
              "fullFile": "C:\\Users\\user\\Downloads\\glossmelise\\backend\\test\\api.test.js",
              "file": "\\test\\api.test.js",
              "beforeHooks": [],
              "afterHooks": [],
              "tests": [
                {
                  "title": "TC-API-05 - should login successfully with valid credentials",
                  "fullTitle": "Emgloss Nails API Tests POST /login TC-API-05 - should login successfully with valid credentials",
                  "timedOut": false,
                  "duration": 508,
                  "state": "passed",
                  "speed": "slow",
                  "pass": true,
                  "fail": false,
                  "pending": false,
                  "context": null,
                  "code": "const response = await request(BASE_URL)\n  .post(\"/login\")\n  .send({\n    email: testEmail,\n    password: testPassword\n  });\nexpect(response.status).to.equal(200);\nexpect(response.body.message).to.equal(\"Login successful\");\nexpect(response.body).to.have.property(\"user\");",
                  "err": {},
                  "uuid": "3ccb28ec-c2d1-42d1-ad6a-8df38aba6a7c",
                  "parentUUID": "a238151d-b684-4484-bb77-dfe387c7aad7",
                  "isHook": false,
                  "skipped": false
                },
                {
                  "title": "TC-API-06 - should reject login when email or password is missing",
                  "fullTitle": "Emgloss Nails API Tests POST /login TC-API-06 - should reject login when email or password is missing",
                  "timedOut": false,
                  "duration": 7,
                  "state": "passed",
                  "speed": "fast",
                  "pass": true,
                  "fail": false,
                  "pending": false,
                  "context": null,
                  "code": "const response = await request(BASE_URL)\n  .post(\"/login\")\n  .send({\n    email: testEmail\n  });\nexpect(response.status).to.equal(400);\nexpect(response.body.error).to.equal(\"Email and password are required\");",
                  "err": {},
                  "uuid": "8f183846-6e8e-4e94-abb8-5505e282f455",
                  "parentUUID": "a238151d-b684-4484-bb77-dfe387c7aad7",
                  "isHook": false,
                  "skipped": false
                },
                {
                  "title": "TC-API-07 - should reject login with an incorrect password",
                  "fullTitle": "Emgloss Nails API Tests POST /login TC-API-07 - should reject login with an incorrect password",
                  "timedOut": false,
                  "duration": 417,
                  "state": "passed",
                  "speed": "slow",
                  "pass": true,
                  "fail": false,
                  "pending": false,
                  "context": null,
                  "code": "const response = await request(BASE_URL)\n  .post(\"/login\")\n  .send({\n    email: testEmail,\n    password: \"WrongPassword123!\"\n  });\nexpect(response.status).to.equal(401);\nexpect(response.body.error).to.equal(\"Invalid email or password\");",
                  "err": {},
                  "uuid": "ad65cb4d-509d-4903-aceb-b46472b9ce36",
                  "parentUUID": "a238151d-b684-4484-bb77-dfe387c7aad7",
                  "isHook": false,
                  "skipped": false
                },
                {
                  "title": "TC-API-08 - should reject login for a non-existent email",
                  "fullTitle": "Emgloss Nails API Tests POST /login TC-API-08 - should reject login for a non-existent email",
                  "timedOut": false,
                  "duration": 75,
                  "state": "passed",
                  "speed": "medium",
                  "pass": true,
                  "fail": false,
                  "pending": false,
                  "context": null,
                  "code": "const response = await request(BASE_URL)\n  .post(\"/login\")\n  .send({\n    email: `does.not.exist.${Date.now()}@example.com`,\n    password: testPassword\n  });\nexpect(response.status).to.equal(401);\nexpect(response.body.error).to.equal(\"Invalid email or password\");",
                  "err": {},
                  "uuid": "c92f5ab4-7274-43e6-9fc3-362976830861",
                  "parentUUID": "a238151d-b684-4484-bb77-dfe387c7aad7",
                  "isHook": false,
                  "skipped": false
                }
              ],
              "suites": [],
              "passes": [
                "3ccb28ec-c2d1-42d1-ad6a-8df38aba6a7c",
                "8f183846-6e8e-4e94-abb8-5505e282f455",
                "ad65cb4d-509d-4903-aceb-b46472b9ce36",
                "c92f5ab4-7274-43e6-9fc3-362976830861"
              ],
              "failures": [],
              "pending": [],
              "skipped": [],
              "duration": 1007,
              "root": false,
              "rootEmpty": false,
              "_timeout": 2000
            }
          ],
          "passes": [],
          "failures": [],
          "pending": [],
          "skipped": [],
          "duration": 0,
          "root": false,
          "rootEmpty": false,
          "_timeout": 2000
        }
      ],
      "passes": [],
      "failures": [],
      "pending": [],
      "skipped": [],
      "duration": 0,
      "root": true,
      "rootEmpty": true,
      "_timeout": 2000
    }
  ],
  "meta": {
    "mocha": {
      "version": "12.0.1"
    },
    "mochawesome": {
      "options": {
        "quiet": false,
        "reportFilename": "mochawesome",
        "saveHtml": true,
        "saveJson": true,
        "consoleReporter": "spec",
        "useInlineDiffs": false,
        "code": true
      },
      "version": "8.1.1"
    },
    "marge": {
      "options": {
        "reportDir": "mochawesome-report",
        "html": "true",
        "json": "true"
      },
      "version": "6.3.2"
    }
  }
}